<?xml version="1.0" encoding="UTF-8"?>
<testng-results ignored="0" total="2" passed="2" failed="0" skipped="0">
  <reporter-output>
  </reporter-output>
  <suite started-at="2023-07-30T23:47:26 PST" name="My suite" finished-at="2023-07-30T23:47:38 PST" duration-ms="11611">
    <groups>
      <group name="cucumber">
        <method signature="AbstractTestNGCucumberTests.runScenario(io.cucumber.testng.PickleWrapper,io.cucumber.testng.FeatureWrapper)[pri:0, instance:runners.TestRunner@4d9e68d0]" name="runScenario" class="io.cucumber.testng.AbstractTestNGCucumberTests"/>
      </group> <!-- cucumber -->
    </groups>
    <test started-at="2023-07-30T23:47:26 PST" name="My test" finished-at="2023-07-30T23:47:38 PST" duration-ms="11611">
      <class name="runners.TestRunner">
        <test-method is-config="true" signature="setUp(java.lang.String)[pri:0, instance:runners.TestRunner@4d9e68d0]" started-at="2023-07-30T23:47:26 PST" name="setUp" finished-at="2023-07-30T23:47:26 PST" duration-ms="11" status="PASS">
          <params>
            <param index="0">
              <value>
                <![CDATA[edge]]>
              </value>
            </param>
          </params>
          <reporter-output>
          </reporter-output>
        </test-method> <!-- setUp -->
        <test-method is-config="true" signature="setUpClass(org.testng.ITestContext)[pri:0, instance:runners.TestRunner@4d9e68d0]" started-at="2023-07-30T23:47:26 PST" name="setUpClass" finished-at="2023-07-30T23:47:26 PST" duration-ms="329" status="PASS">
          <params>
            <param index="0">
              <value>
                <![CDATA[org.testng.TestRunner@5c5c784c]]>
              </value>
            </param>
          </params>
          <reporter-output>
          </reporter-output>
        </test-method> <!-- setUpClass -->
        <test-method signature="runScenario(io.cucumber.testng.PickleWrapper,io.cucumber.testng.FeatureWrapper)[pri:0, instance:runners.TestRunner@4d9e68d0]" started-at="2023-07-30T23:47:26 PST" name="runScenario" description="Runs Cucumber Scenarios" data-provider="scenarios" finished-at="2023-07-30T23:47:33 PST" duration-ms="6351" status="PASS">
          <params>
            <param index="0">
              <value>
                <![CDATA["Verify elements on the homepage"]]>
              </value>
            </param>
            <param index="1">
              <value>
                <![CDATA["Homepage"]]>
              </value>
            </param>
          </params>
          <reporter-output>
          </reporter-output>
        </test-method> <!-- runScenario -->
        <test-method signature="runScenario(io.cucumber.testng.PickleWrapper,io.cucumber.testng.FeatureWrapper)[pri:0, instance:runners.TestRunner@4d9e68d0]" started-at="2023-07-30T23:47:33 PST" name="runScenario" description="Runs Cucumber Scenarios" data-provider="scenarios" finished-at="2023-07-30T23:47:35 PST" duration-ms="2524" status="PASS">
          <params>
            <param index="0">
              <value>
                <![CDATA["Verify navigation to other pages from the homepage"]]>
              </value>
            </param>
            <param index="1">
              <value>
                <![CDATA["Homepage"]]>
              </value>
            </param>
          </params>
          <reporter-output>
          </reporter-output>
        </test-method> <!-- runScenario -->
        <test-method is-config="true" signature="tearDownClass()[pri:0, instance:runners.TestRunner@4d9e68d0]" started-at="2023-07-30T23:47:35 PST" name="tearDownClass" finished-at="2023-07-30T23:47:38 PST" duration-ms="2383" status="PASS">
          <reporter-output>
          </reporter-output>
        </test-method> <!-- tearDownClass -->
      </class> <!-- runners.TestRunner -->
    </test> <!-- My test -->
  </suite> <!-- My suite -->
</testng-results>
